<?xml version="1.0" encoding="UTF-8"?>
<testsuites name="Mocha Tests" time="7.697999999999999" tests="6" failures="0">
  <testsuite name="Root Suite" timestamp="2020-07-21T20:08:53" tests="0" file="cypress/integration/Login/login.spec.js" failures="0" time="0">
  </testsuite>
  <testsuite name="Testing the accessibility of Login page" timestamp="2020-07-21T20:08:53" tests="1" failures="0" time="1.222">
    <testcase name="Testing the accessibility of Login page Visiting the Login Page" time="1.222" classname="Visiting the Login Page">
    </testcase>
  </testsuite>
  <testsuite name="Checking functionality of Login Page" timestamp="2020-07-21T20:08:54" tests="5" failures="0" time="6.475999999999999">
    <testcase name="Checking functionality of Login Page Checking Input areas functionallity" time="1.293" classname="Checking Input areas functionallity">
    </testcase>
    <testcase name="Checking functionality of Login Page Testing the only single input sign in [ Should not be possible ]" time="2.033" classname="Testing the only single input sign in [ Should not be possible ]">
    </testcase>
    <testcase name="Checking functionality of Login Page Testing with wrong details [ Should not be possible ]" time="1.027" classname="Testing with wrong details [ Should not be possible ]">
    </testcase>
    <testcase name="Checking functionality of Login Page Testing with without any details [ Should not be possible ]" time="0.802" classname="Testing with without any details [ Should not be possible ]">
    </testcase>
    <testcase name="Checking functionality of Login Page Testing with Correct details [ Must redirect to Welcome modal ]" time="1.321" classname="Testing with Correct details [ Must redirect to Welcome modal ]">
    </testcase>
  </testsuite>
</testsuites>