<?xml version="1.0" encoding="UTF-8"?>
<testsuites name="Mocha Tests" time="5.459999999999999" tests="8" failures="0">
  <testsuite name="Root Suite" timestamp="2020-07-21T20:09:04" tests="0" file="cypress/integration/Routes/route.spec.js" failures="0" time="0">
  </testsuite>
  <testsuite name="Testing the routes functionality without Login [ Must redirect to Login Page ]" timestamp="2020-07-21T20:09:04" tests="1" failures="0" time="1.413">
    <testcase name="Testing the routes functionality without Login [ Must redirect to Login Page ] Visiting an unknown page without login" time="1.413" classname="Visiting an unknown page without login">
    </testcase>
  </testsuite>
  <testsuite name="Testing Routes without login" timestamp="2020-07-21T20:09:05" tests="3" failures="0" time="1.879">
    <testcase name="Testing the routes functionality without Login [ Must redirect to Login Page ] Testing Routes without login Visiting the workflow page without login" time="0.889" classname="Visiting the workflow page without login">
    </testcase>
    <testcase name="Testing the routes functionality without Login [ Must redirect to Login Page ] Testing Routes without login Visiting the homepage page without login" time="0.494" classname="Visiting the homepage page without login">
    </testcase>
    <testcase name="Testing the routes functionality without Login [ Must redirect to Login Page ] Testing Routes without login Visiting the community page without login" time="0.496" classname="Visiting the community page without login">
    </testcase>
  </testsuite>
  <testsuite name="Testing the routes with login" timestamp="2020-07-21T20:09:07" tests="0" failures="0" time="0">
  </testsuite>
  <testsuite name="Testing routes functionality with login" timestamp="2020-07-21T20:09:09" tests="4" failures="0" time="2.1679999999999997">
    <testcase name="Testing the routes with login Testing routes functionality with login Visiting the workflow page after login" time="1.382" classname="Visiting the workflow page after login">
    </testcase>
    <testcase name="Testing the routes with login Testing routes functionality with login Visiting the homepage page after login" time="0.277" classname="Visiting the homepage page after login">
    </testcase>
    <testcase name="Testing the routes with login Testing routes functionality with login Visiting the community page after login" time="0.222" classname="Visiting the community page after login">
    </testcase>
    <testcase name="Testing the routes with login Testing routes functionality with login Visiting an unknown page" time="0.287" classname="Visiting an unknown page">
    </testcase>
  </testsuite>
</testsuites>