<?xml version="1.0" encoding="UTF-8"?>
<testsuites name="Mocha Tests" time="10.866" tests="4" failures="0">
  <testsuite name="Root Suite" timestamp="2020-07-21T20:09:15" tests="0" file="cypress/integration/WelcomeModal/WelomeModal.spec.js" failures="0" time="0">
  </testsuite>
  <testsuite name="Testing the accessibility of Welcome Modal" timestamp="2020-07-21T20:09:15" tests="1" failures="0" time="2.721">
    <testcase name="Testing the accessibility of Welcome Modal Visiting the Welcome Modal after Login" time="2.721" classname="Visiting the Welcome Modal after Login">
    </testcase>
  </testsuite>
  <testsuite name="Testing the Functionality of Welcome Modal" timestamp="2020-07-21T20:09:17" tests="3" failures="0" time="8.145">
    <testcase name="Testing the Functionality of Welcome Modal Using Modal without inputting any details" time="2.261" classname="Using Modal without inputting any details">
    </testcase>
    <testcase name="Testing the Functionality of Welcome Modal Using Modal by partially inputting details" time="2.884" classname="Using Modal by partially inputting details">
    </testcase>
    <testcase name="Testing the Functionality of Welcome Modal Using Modal by inputting all details" time="3" classname="Using Modal by inputting all details">
    </testcase>
  </testsuite>
</testsuites>